<?xml version="1.0" encoding="UTF-8"?>
<!-- Generated by org.testng.reporters.JUnitReportReporter -->
<testsuite hostname="Faisal" name="bdd.runners.RunnerClass" tests="2" failures="0" timestamp="4 Aug 2020 02:47:44 GMT" time="48.471" errors="0">
  <testcase name="feature" time="23.500" classname="bdd.runners.RunnerClass"/>
  <testcase name="feature" time="24.971" classname="bdd.runners.RunnerClass"/>
</testsuite> <!-- bdd.runners.RunnerClass -->
