<?xml version="1.0" encoding="UTF-8"?>
<!-- Generated by org.testng.reporters.JUnitReportReporter -->
<testsuite hostname="Faisal" name="bdd.runners.RunnerClass" tests="7" failures="0" timestamp="9 Aug 2020 00:13:00 GMT" time="135.257" errors="0">
  <testcase name="feature" time="16.210" classname="bdd.runners.RunnerClass"/>
  <testcase name="feature" time="9.152" classname="bdd.runners.RunnerClass"/>
  <testcase name="feature" time="26.552" classname="bdd.runners.RunnerClass"/>
  <testcase name="feature" time="16.334" classname="bdd.runners.RunnerClass"/>
  <testcase name="feature" time="19.483" classname="bdd.runners.RunnerClass"/>
  <testcase name="feature" time="19.255" classname="bdd.runners.RunnerClass"/>
  <testcase name="feature" time="28.271" classname="bdd.runners.RunnerClass"/>
</testsuite> <!-- bdd.runners.RunnerClass -->
