<?xml version="1.0" encoding="UTF-8"?>
<!-- Generated by org.testng.reporters.JUnitReportReporter -->
<testsuite hostname="Faisal" name="bdd.runners.RunnerClass" tests="3" failures="0" timestamp="7 Aug 2020 01:02:16 GMT" time="75.494" errors="0">
  <testcase name="feature" time="27.305" classname="bdd.runners.RunnerClass"/>
  <testcase name="feature" time="24.304" classname="bdd.runners.RunnerClass"/>
  <testcase name="feature" time="23.885" classname="bdd.runners.RunnerClass"/>
</testsuite> <!-- bdd.runners.RunnerClass -->
